app/build/intermediates/manifest_merge_blame_file/debug/manifest-merger-blame-debug-report.txt
1<?xml version="1.0" encoding="utf-8"?>
2<manifest xmlns:android="http://schemas.android.com/apk/res/android"
3    package="com.sqisland.android.espresso.hello"
4    android:versionCode="1"
5    android:versionName="1.0.0" >
6
7    <uses-sdk
8        android:minSdkVersion="25"
8-->src\main\AndroidManifest.xml
9        android:targetSdkVersion="27" />
9-->src\main\AndroidManifest.xml
10
11    <uses-permission android:name="android.permission.INTERNET" />
11-->[com.microsoft.appcenter:appcenter:3.2.2] AndroidManifest.xml:15:5-67
11-->[com.microsoft.appcenter:appcenter:3.2.2] AndroidManifest.xml:15:22-64
12    <uses-permission android:name="android.permission.ACCESS_NETWORK_STATE" />
12-->[com.microsoft.appcenter:appcenter:3.2.2] AndroidManifest.xml:16:5-79
12-->[com.microsoft.appcenter:appcenter:3.2.2] AndroidManifest.xml:16:22-76
13
14    <application
14-->src\main\AndroidManifest.xml:4:3-16:17
15        android:debuggable="true"
16        android:extractNativeLibs="false"
17        android:icon="@mipmap/ic_launcher"
17-->src\main\AndroidManifest.xml:6:7-41
18        android:label="@string/app_name"
18-->src\main\AndroidManifest.xml:5:7-39
19        android:testOnly="true"
20        android:theme="@style/AppTheme" >
20-->src\main\AndroidManifest.xml:7:7-38
21        <activity
21-->src\main\AndroidManifest.xml:8:5-15:16
22            android:name="com.sqisland.android.espresso.hello.MainActivity"
22-->src\main\AndroidManifest.xml:9:9-37
23            android:label="@string/app_name" >
23-->src\main\AndroidManifest.xml:10:9-41
24            <intent-filter>
24-->src\main\AndroidManifest.xml:11:7-14:23
25                <action android:name="android.intent.action.MAIN" />
25-->src\main\AndroidManifest.xml:12:9-60
25-->src\main\AndroidManifest.xml:12:17-58
26
27                <category android:name="android.intent.category.LAUNCHER" />
27-->src\main\AndroidManifest.xml:13:9-68
27-->src\main\AndroidManifest.xml:13:19-66
28            </intent-filter>
29        </activity>
30    </application>
31
32</manifest>